<?xml version="1.0" encoding="UTF-8"?>
<testng-results total="1" passed="1" failed="0" skipped="0">
  <reporter-output>
  </reporter-output>
  <suite started-at="2020-02-27T11:07:40Z" name="Default suite" finished-at="2020-02-27T11:08:17Z" duration-ms="37213">
    <groups>
    </groups>
    <test started-at="2020-02-27T11:07:40Z" name="Default test" finished-at="2020-02-27T11:08:17Z" duration-ms="37213">
      <class name="grids.Demo1">
        <test-method signature="test_Compatibility()[pri:0, instance:grids.Demo1@667a738]" started-at="2020-02-27T16:37:40Z" name="test_Compatibility" finished-at="2020-02-27T16:38:17Z" duration-ms="37182" status="PASS">
          <reporter-output>
          </reporter-output>
        </test-method> <!-- test_Compatibility -->
      </class> <!-- grids.Demo1 -->
    </test> <!-- Default test -->
  </suite> <!-- Default suite -->
</testng-results>
